<?xml version="1.0" encoding="UTF-8"?>
<testsuite name="org.example.usecase.usecase.ClientUseCaseTest" tests="1" skipped="0" failures="0" errors="0" timestamp="2021-05-12T04:58:02" hostname="DESKTOP-FG8HMOP" time="0.811">
  <properties/>
  <testcase name="getEmployeesNull" classname="org.example.usecase.usecase.ClientUseCaseTest" time="0.811"/>
  <system-out><![CDATA[]]></system-out>
  <system-err><![CDATA[]]></system-err>
</testsuite>
