<?xml version="1.0" encoding="UTF-8"?>
<testsuite name="org.example.usecase.usecase.ClientUseCaseTest" tests="4" skipped="0" failures="0" errors="0" timestamp="2021-05-12T21:47:39" hostname="DESKTOP-FG8HMOP" time="1.783">
  <properties/>
  <testcase name="getTotalSalaryHourlyEmployee" classname="org.example.usecase.usecase.ClientUseCaseTest" time="1.763"/>
  <testcase name="getEmployeeTest" classname="org.example.usecase.usecase.ClientUseCaseTest" time="0.002"/>
  <testcase name="getAllEmployeesTest" classname="org.example.usecase.usecase.ClientUseCaseTest" time="0.01"/>
  <testcase name="getTotalSalaryMonthlyEmployee" classname="org.example.usecase.usecase.ClientUseCaseTest" time="0.005"/>
  <system-out><![CDATA[]]></system-out>
  <system-err><![CDATA[]]></system-err>
</testsuite>
