<?xml version="1.0" encoding="UTF-8"?>
<testsuite name="org.example.rest.ClientMasGlobalTest" tests="1" skipped="0" failures="0" errors="0" timestamp="2021-05-12T06:23:26" hostname="DESKTOP-FG8HMOP" time="1.253">
  <properties/>
  <testcase name="getAllEmployeesTest" classname="org.example.rest.ClientMasGlobalTest" time="1.253"/>
  <system-out><![CDATA[]]></system-out>
  <system-err><![CDATA[]]></system-err>
</testsuite>
