<?xml version="1.0" encoding="UTF-8"?>
<testsuite name="org.example.controllers.ClientControllerTest" tests="1" skipped="0" failures="0" errors="0" timestamp="2021-05-12T05:59:27" hostname="DESKTOP-FG8HMOP" time="0.001">
  <properties/>
  <testcase name="validarEstructura" classname="org.example.controllers.ClientControllerTest" time="0.001"/>
  <system-out><![CDATA[]]></system-out>
  <system-err><![CDATA[]]></system-err>
</testsuite>
